<?xml version="1.0" encoding="UTF-8"?>
<!-- Generated by org.testng.reporters.JUnitXMLReporter -->
<testsuite hostname="DESKTOP-QHBCNHS" failures="1" tests="1" name="Default test" time="47.255" errors="0" timestamp="17 Feb 2018 00:59:14 GMT">
  <testcase classname="aNewMaven.MavenTest1" name="fbtest" time="47.223">
    <failure type="org.openqa.selenium.WebDriverException" message="Failed to connect to binary FirefoxBinary(C:\Program Files\Mozilla Firefox\firefox.exe) on port 7055; process output follows: 
 see http://www.mozilla.com/en-US/blocklist/
LdrLoadDll: Blocking load of &amp;apos;rlls64.dll&amp;apos; -- see http://www.mozilla.com/en-US/blocklist/
LdrLoadDll: Blocking load of &amp;apos;rlls64.dll&amp;apos; -- see http://www.mozilla.com/en-US/blocklist/
LdrLoadDll: Blocking load of &amp;apos;rlls64.dll&amp;apos; -- see http://www.mozilla.com/en-US/blocklist/
LdrLoadDll: Blocking load of &amp;apos;rlls64.dll&amp;apos; -- see http://www.mozilla.com/en-US/blocklist/
LdrLoadDll: Blocking load of &amp;apos;rlls64.dll&amp;apos; -- see http://www.mozilla.com/en-US/blocklist/
LdrLoadDll: Blocking load of &amp;apos;rlls64.dll&amp;apos; -- see http://www.mozilla.com/en-US/blocklist/
LdrLoadDll: Blocking load of &amp;apos;rlls64.dll&amp;apos; -- see http://www.mozilla.com/en-US/blocklist/
LdrLoadDll: Blocking load of &amp;apos;rlls64.dll&amp;apos; -- see http://www.mozilla.com/en-US/blocklist/
LdrLoadDll: Blocking load of &amp;apos;rlls64.dll&amp;apos; -- see http://www.mozilla.com/en-US/blocklist/
LdrLoadDll: Blocking load of &amp;apos;rlls64.dll&amp;apos; -- see http://www.mozilla.com/en-US/blocklist/
LdrLoadDll: Blocking load of &amp;apos;rlls64.dll&amp;apos; -- see http://www.mozilla.com/en-US/blocklist/
LdrLoadDll: Blocking load of &amp;apos;rlls64.dll&amp;apos; -- see http://www.mozilla.com/en-US/blocklist/
LdrLoadDll: Blocking load of &amp;apos;rlls64.dll&amp;apos; -- see http://www.mozilla.com/en-US/blocklist/
LdrLoadDll: Blocking load of &amp;apos;rlls64.dll&amp;apos; -- see http://www.mozilla.com/en-US/blocklist/
LdrLoadDll: Blocking load of &amp;apos;rlls64.dll&amp;apos; -- see http://www.mozilla.com/en-US/blocklist/
LdrLoadDll: Blocking load of &amp;apos;rlls64.dll&amp;apos; -- see http://www.mozilla.com/en-US/blocklist/
LdrLoadDll: Blocking load of &amp;apos;rlls64.dll&amp;apos; -- see http://www.mozilla.com/en-US/blocklist/
LdrLoadDll: Blocking load of &amp;apos;rlls64.dll&amp;apos; -- see http://www.mozilla.com/en-US/blocklist/
LdrLoadDll: Blocking load of &amp;apos;rlls64.dll&amp;apos; -- see http://www.mozilla.com/en-US/blocklist/
LdrLoadDll: Blocking load of &amp;apos;rlls64.dll&amp;apos; -- see http://www.mozilla.com/en-US/blocklist/
LdrLoadDll: Blocking load of &amp;apos;rlls64.dll&amp;apos; -- see http://www.mozilla.com/en-US/blocklist/
LdrLoadDll: Blocking load of &amp;apos;rlls64.dll&amp;apos; -- see http://www.mozilla.com/en-US/blocklist/
LdrLoadDll: Blocking load of &amp;apos;rlls64.dll&amp;apos; -- see http://www.mozilla.com/en-US/blocklist/
LdrLoadDll: Blocking load of &amp;apos;rlls64.dll&amp;apos; -- see http://www.mozilla.com/en-US/blocklist/
LdrLoadDll: Blocking load of &amp;apos;rlls64.dll&amp;apos; -- see http://www.mozilla.com/en-US/blocklist/
LdrLoadDll: Blocking load of &amp;apos;rlls64.dll&amp;apos; -- see http://www.mozilla.com/en-US/blocklist/
LdrLoadDll: Blocking load of &amp;apos;rlls64.dll&amp;apos; -- see http://www.mozilla.com/en-US/blocklist/
LdrLoadDll: Blocking load of &amp;apos;rlls64.dll&amp;apos; -- see http://www.mozilla.com/en-US/blocklist/
LdrLoadDll: Blocking load of &amp;apos;rlls64.dll&amp;apos; -- see http://www.mozilla.com/en-US/blocklist/
LdrLoadDll: Blocking load of &amp;apos;rlls64.dll&amp;apos; -- see http://www.mozilla.com/en-US/blocklist/
LdrLoadDll: Blocking load of &amp;apos;rlls64.dll&amp;apos; -- see http://www.mozilla.com/en-US/blocklist/
LdrLoadDll: Blocking load of &amp;apos;rlls64.dll&amp;apos; -- see http://www.mozilla.com/en-US/blocklist/
LdrLoadDll: Blocking load of &amp;apos;rlls64.dll&amp;apos; -- see http://www.mozilla.com/en-US/blocklist/
LdrLoadDll: Blocking load of &amp;apos;rlls64.dll&amp;apos; -- see http://www.mozilla.com/en-US/blocklist/
LdrLoadDll: Blocking load of &amp;apos;rlls64.dll&amp;apos; -- see http://www.mozilla.com/en-US/blocklist/
LdrLoadDll: Blocking load of &amp;apos;rlls64.dll&amp;apos; -- see http://www.mozilla.com/en-US/blocklist/
LdrLoadDll: Blocking load of &amp;apos;rlls64.dll&amp;apos; -- see http://www.mozilla.com/en-US/blocklist/
LdrLoadDll: Blocking load of &amp;apos;rlls64.dll&amp;apos; -- see http://www.mozilla.com/en-US/blocklist/
LdrLoadDll: Blocking load of &amp;apos;rlls64.dll&amp;apos; -- see http://www.mozilla.com/en-US/blocklist/
LdrLoadDll: Blocking load of &amp;apos;rlls64.dll&amp;apos; -- see http://www.mozilla.com/en-US/blocklist/
LdrLoadDll: Blocking load of &amp;apos;rlls64.dll&amp;apos; -- see http://www.mozilla.com/en-US/blocklist/
LdrLoadDll: Blocking load of &amp;apos;rlls64.dll&amp;apos; -- see http://www.mozilla.com/en-US/blocklist/
LdrLoadDll: Blocking load of &amp;apos;rlls64.dll&amp;apos; -- see http://www.mozilla.com/en-US/blocklist/
LdrLoadDll: Blocking load of &amp;apos;rlls64.dll&amp;apos; -- see http://www.mozilla.com/en-US/blocklist/
LdrLoadDll: Blocking load of &amp;apos;rlls64.dll&amp;apos; -- see http://www.mozilla.com/en-US/blocklist/

Build info: version: &amp;apos;2.53.0&amp;apos;, revision: &amp;apos;35ae25b1534ae328c771e0856c93e187490ca824&amp;apos;, time: &amp;apos;2016-03-15 10:43:46&amp;apos;
System info: host: &amp;apos;DESKTOP-QHBCNHS&amp;apos;, ip: &amp;apos;10.1.10.143&amp;apos;, os.name: &amp;apos;Windows 10&amp;apos;, os.arch: &amp;apos;amd64&amp;apos;, os.version: &amp;apos;10.0&amp;apos;, java.version: &amp;apos;9.0.4&amp;apos;
Driver info: driver.version: FirefoxDriver">
      <![CDATA[org.openqa.selenium.WebDriverException: Failed to connect to binary FirefoxBinary(C:\Program Files\Mozilla Firefox\firefox.exe) on port 7055; process output follows: 
 see http://www.mozilla.com/en-US/blocklist/
LdrLoadDll: Blocking load of 'rlls64.dll' -- see http://www.mozilla.com/en-US/blocklist/
LdrLoadDll: Blocking load of 'rlls64.dll' -- see http://www.mozilla.com/en-US/blocklist/
LdrLoadDll: Blocking load of 'rlls64.dll' -- see http://www.mozilla.com/en-US/blocklist/
LdrLoadDll: Blocking load of 'rlls64.dll' -- see http://www.mozilla.com/en-US/blocklist/
LdrLoadDll: Blocking load of 'rlls64.dll' -- see http://www.mozilla.com/en-US/blocklist/
LdrLoadDll: Blocking load of 'rlls64.dll' -- see http://www.mozilla.com/en-US/blocklist/
LdrLoadDll: Blocking load of 'rlls64.dll' -- see http://www.mozilla.com/en-US/blocklist/
LdrLoadDll: Blocking load of 'rlls64.dll' -- see http://www.mozilla.com/en-US/blocklist/
LdrLoadDll: Blocking load of 'rlls64.dll' -- see http://www.mozilla.com/en-US/blocklist/
LdrLoadDll: Blocking load of 'rlls64.dll' -- see http://www.mozilla.com/en-US/blocklist/
LdrLoadDll: Blocking load of 'rlls64.dll' -- see http://www.mozilla.com/en-US/blocklist/
LdrLoadDll: Blocking load of 'rlls64.dll' -- see http://www.mozilla.com/en-US/blocklist/
LdrLoadDll: Blocking load of 'rlls64.dll' -- see http://www.mozilla.com/en-US/blocklist/
LdrLoadDll: Blocking load of 'rlls64.dll' -- see http://www.mozilla.com/en-US/blocklist/
LdrLoadDll: Blocking load of 'rlls64.dll' -- see http://www.mozilla.com/en-US/blocklist/
LdrLoadDll: Blocking load of 'rlls64.dll' -- see http://www.mozilla.com/en-US/blocklist/
LdrLoadDll: Blocking load of 'rlls64.dll' -- see http://www.mozilla.com/en-US/blocklist/
LdrLoadDll: Blocking load of 'rlls64.dll' -- see http://www.mozilla.com/en-US/blocklist/
LdrLoadDll: Blocking load of 'rlls64.dll' -- see http://www.mozilla.com/en-US/blocklist/
LdrLoadDll: Blocking load of 'rlls64.dll' -- see http://www.mozilla.com/en-US/blocklist/
LdrLoadDll: Blocking load of 'rlls64.dll' -- see http://www.mozilla.com/en-US/blocklist/
LdrLoadDll: Blocking load of 'rlls64.dll' -- see http://www.mozilla.com/en-US/blocklist/
LdrLoadDll: Blocking load of 'rlls64.dll' -- see http://www.mozilla.com/en-US/blocklist/
LdrLoadDll: Blocking load of 'rlls64.dll' -- see http://www.mozilla.com/en-US/blocklist/
LdrLoadDll: Blocking load of 'rlls64.dll' -- see http://www.mozilla.com/en-US/blocklist/
LdrLoadDll: Blocking load of 'rlls64.dll' -- see http://www.mozilla.com/en-US/blocklist/
LdrLoadDll: Blocking load of 'rlls64.dll' -- see http://www.mozilla.com/en-US/blocklist/
LdrLoadDll: Blocking load of 'rlls64.dll' -- see http://www.mozilla.com/en-US/blocklist/
LdrLoadDll: Blocking load of 'rlls64.dll' -- see http://www.mozilla.com/en-US/blocklist/
LdrLoadDll: Blocking load of 'rlls64.dll' -- see http://www.mozilla.com/en-US/blocklist/
LdrLoadDll: Blocking load of 'rlls64.dll' -- see http://www.mozilla.com/en-US/blocklist/
LdrLoadDll: Blocking load of 'rlls64.dll' -- see http://www.mozilla.com/en-US/blocklist/
LdrLoadDll: Blocking load of 'rlls64.dll' -- see http://www.mozilla.com/en-US/blocklist/
LdrLoadDll: Blocking load of 'rlls64.dll' -- see http://www.mozilla.com/en-US/blocklist/
LdrLoadDll: Blocking load of 'rlls64.dll' -- see http://www.mozilla.com/en-US/blocklist/
LdrLoadDll: Blocking load of 'rlls64.dll' -- see http://www.mozilla.com/en-US/blocklist/
LdrLoadDll: Blocking load of 'rlls64.dll' -- see http://www.mozilla.com/en-US/blocklist/
LdrLoadDll: Blocking load of 'rlls64.dll' -- see http://www.mozilla.com/en-US/blocklist/
LdrLoadDll: Blocking load of 'rlls64.dll' -- see http://www.mozilla.com/en-US/blocklist/
LdrLoadDll: Blocking load of 'rlls64.dll' -- see http://www.mozilla.com/en-US/blocklist/
LdrLoadDll: Blocking load of 'rlls64.dll' -- see http://www.mozilla.com/en-US/blocklist/
LdrLoadDll: Blocking load of 'rlls64.dll' -- see http://www.mozilla.com/en-US/blocklist/
LdrLoadDll: Blocking load of 'rlls64.dll' -- see http://www.mozilla.com/en-US/blocklist/
LdrLoadDll: Blocking load of 'rlls64.dll' -- see http://www.mozilla.com/en-US/blocklist/
LdrLoadDll: Blocking load of 'rlls64.dll' -- see http://www.mozilla.com/en-US/blocklist/

Build info: version: '2.53.0', revision: '35ae25b1534ae328c771e0856c93e187490ca824', time: '2016-03-15 10:43:46'
System info: host: 'DESKTOP-QHBCNHS', ip: '10.1.10.143', os.name: 'Windows 10', os.arch: 'amd64', os.version: '10.0', java.version: '9.0.4'
Driver info: driver.version: FirefoxDriver
	at org.openqa.selenium.firefox.internal.NewProfileExtensionConnection.start(NewProfileExtensionConnection.java:125)
	at org.openqa.selenium.firefox.FirefoxDriver.startClient(FirefoxDriver.java:271)
	at org.openqa.selenium.remote.RemoteWebDriver.<init>(RemoteWebDriver.java:119)
	at org.openqa.selenium.firefox.FirefoxDriver.<init>(FirefoxDriver.java:216)
	at org.openqa.selenium.firefox.FirefoxDriver.<init>(FirefoxDriver.java:211)
	at org.openqa.selenium.firefox.FirefoxDriver.<init>(FirefoxDriver.java:207)
	at org.openqa.selenium.firefox.FirefoxDriver.<init>(FirefoxDriver.java:120)
	at aNewMaven.MavenTest1.fbtest(MavenTest1.java:16)
	at java.base/jdk.internal.reflect.NativeMethodAccessorImpl.invoke0(Native Method)
	at java.base/jdk.internal.reflect.NativeMethodAccessorImpl.invoke(NativeMethodAccessorImpl.java:62)
	at java.base/jdk.internal.reflect.DelegatingMethodAccessorImpl.invoke(DelegatingMethodAccessorImpl.java:43)
	at java.base/java.lang.reflect.Method.invoke(Method.java:564)
	at org.testng.internal.MethodInvocationHelper.invokeMethod(MethodInvocationHelper.java:85)
	at org.testng.internal.Invoker.invokeMethod(Invoker.java:639)
	at org.testng.internal.Invoker.invokeTestMethod(Invoker.java:816)
	at org.testng.internal.Invoker.invokeTestMethods(Invoker.java:1124)
	at org.testng.internal.TestMethodWorker.invokeTestMethods(TestMethodWorker.java:125)
	at org.testng.internal.TestMethodWorker.run(TestMethodWorker.java:108)
	at org.testng.TestRunner.privateRun(TestRunner.java:774)
	at org.testng.TestRunner.run(TestRunner.java:624)
	at org.testng.SuiteRunner.runTest(SuiteRunner.java:359)
	at org.testng.SuiteRunner.runSequentially(SuiteRunner.java:354)
	at org.testng.SuiteRunner.privateRun(SuiteRunner.java:312)
	at org.testng.SuiteRunner.run(SuiteRunner.java:261)
	at org.testng.SuiteRunnerWorker.runSuite(SuiteRunnerWorker.java:52)
	at org.testng.SuiteRunnerWorker.run(SuiteRunnerWorker.java:86)
	at org.testng.TestNG.runSuitesSequentially(TestNG.java:1191)
	at org.testng.TestNG.runSuitesLocally(TestNG.java:1116)
	at org.testng.TestNG.run(TestNG.java:1024)
	at org.testng.remote.AbstractRemoteTestNG.run(AbstractRemoteTestNG.java:114)
	at org.testng.remote.RemoteTestNG.initAndRun(RemoteTestNG.java:251)
	at org.testng.remote.RemoteTestNG.main(RemoteTestNG.java:77)
Caused by: org.openqa.selenium.firefox.NotConnectedException: Unable to connect to host 127.0.0.1 on port 7055 after 45000 ms. Firefox console output:
 see http://www.mozilla.com/en-US/blocklist/
LdrLoadDll: Blocking load of 'rlls64.dll' -- see http://www.mozilla.com/en-US/blocklist/
LdrLoadDll: Blocking load of 'rlls64.dll' -- see http://www.mozilla.com/en-US/blocklist/
LdrLoadDll: Blocking load of 'rlls64.dll' -- see http://www.mozilla.com/en-US/blocklist/
LdrLoadDll: Blocking load of 'rlls64.dll' -- see http://www.mozilla.com/en-US/blocklist/
LdrLoadDll: Blocking load of 'rlls64.dll' -- see http://www.mozilla.com/en-US/blocklist/
LdrLoadDll: Blocking load of 'rlls64.dll' -- see http://www.mozilla.com/en-US/blocklist/
LdrLoadDll: Blocking load of 'rlls64.dll' -- see http://www.mozilla.com/en-US/blocklist/
LdrLoadDll: Blocking load of 'rlls64.dll' -- see http://www.mozilla.com/en-US/blocklist/
LdrLoadDll: Blocking load of 'rlls64.dll' -- see http://www.mozilla.com/en-US/blocklist/
LdrLoadDll: Blocking load of 'rlls64.dll' -- see http://www.mozilla.com/en-US/blocklist/
LdrLoadDll: Blocking load of 'rlls64.dll' -- see http://www.mozilla.com/en-US/blocklist/
LdrLoadDll: Blocking load of 'rlls64.dll' -- see http://www.mozilla.com/en-US/blocklist/
LdrLoadDll: Blocking load of 'rlls64.dll' -- see http://www.mozilla.com/en-US/blocklist/
LdrLoadDll: Blocking load of 'rlls64.dll' -- see http://www.mozilla.com/en-US/blocklist/
LdrLoadDll: Blocking load of 'rlls64.dll' -- see http://www.mozilla.com/en-US/blocklist/
LdrLoadDll: Blocking load of 'rlls64.dll' -- see http://www.mozilla.com/en-US/blocklist/
LdrLoadDll: Blocking load of 'rlls64.dll' -- see http://www.mozilla.com/en-US/blocklist/
LdrLoadDll: Blocking load of 'rlls64.dll' -- see http://www.mozilla.com/en-US/blocklist/
LdrLoadDll: Blocking load of 'rlls64.dll' -- see http://www.mozilla.com/en-US/blocklist/
LdrLoadDll: Blocking load of 'rlls64.dll' -- see http://www.mozilla.com/en-US/blocklist/
LdrLoadDll: Blocking load of 'rlls64.dll' -- see http://www.mozilla.com/en-US/blocklist/
LdrLoadDll: Blocking load of 'rlls64.dll' -- see http://www.mozilla.com/en-US/blocklist/
LdrLoadDll: Blocking load of 'rlls64.dll' -- see http://www.mozilla.com/en-US/blocklist/
LdrLoadDll: Blocking load of 'rlls64.dll' -- see http://www.mozilla.com/en-US/blocklist/
LdrLoadDll: Blocking load of 'rlls64.dll' -- see http://www.mozilla.com/en-US/blocklist/
LdrLoadDll: Blocking load of 'rlls64.dll' -- see http://www.mozilla.com/en-US/blocklist/
LdrLoadDll: Blocking load of 'rlls64.dll' -- see http://www.mozilla.com/en-US/blocklist/
LdrLoadDll: Blocking load of 'rlls64.dll' -- see http://www.mozilla.com/en-US/blocklist/
LdrLoadDll: Blocking load of 'rlls64.dll' -- see http://www.mozilla.com/en-US/blocklist/
LdrLoadDll: Blocking load of 'rlls64.dll' -- see http://www.mozilla.com/en-US/blocklist/
LdrLoadDll: Blocking load of 'rlls64.dll' -- see http://www.mozilla.com/en-US/blocklist/
LdrLoadDll: Blocking load of 'rlls64.dll' -- see http://www.mozilla.com/en-US/blocklist/
LdrLoadDll: Blocking load of 'rlls64.dll' -- see http://www.mozilla.com/en-US/blocklist/
LdrLoadDll: Blocking load of 'rlls64.dll' -- see http://www.mozilla.com/en-US/blocklist/
LdrLoadDll: Blocking load of 'rlls64.dll' -- see http://www.mozilla.com/en-US/blocklist/
LdrLoadDll: Blocking load of 'rlls64.dll' -- see http://www.mozilla.com/en-US/blocklist/
LdrLoadDll: Blocking load of 'rlls64.dll' -- see http://www.mozilla.com/en-US/blocklist/
LdrLoadDll: Blocking load of 'rlls64.dll' -- see http://www.mozilla.com/en-US/blocklist/
LdrLoadDll: Blocking load of 'rlls64.dll' -- see http://www.mozilla.com/en-US/blocklist/
LdrLoadDll: Blocking load of 'rlls64.dll' -- see http://www.mozilla.com/en-US/blocklist/
LdrLoadDll: Blocking load of 'rlls64.dll' -- see http://www.mozilla.com/en-US/blocklist/
LdrLoadDll: Blocking load of 'rlls64.dll' -- see http://www.mozilla.com/en-US/blocklist/
LdrLoadDll: Blocking load of 'rlls64.dll' -- see http://www.mozilla.com/en-US/blocklist/
LdrLoadDll: Blocking load of 'rlls64.dll' -- see http://www.mozilla.com/en-US/blocklist/
LdrLoadDll: Blocking load of 'rlls64.dll' -- see http://www.mozilla.com/en-US/blocklist/

	at org.openqa.selenium.firefox.internal.NewProfileExtensionConnection.start(NewProfileExtensionConnection.java:113)
	... 31 more
]]>
    </failure>
  </testcase> <!-- fbtest -->
</testsuite> <!-- Default test -->
