<?xml version="1.0" encoding="UTF-8"?>
<!-- Generated by org.testng.reporters.JUnitXMLReporter -->
<testsuite hostname="DESKTOP-QHBCNHS" failures="0" tests="2" name="Test" time="47.489" errors="0" timestamp="17 Feb 2018 00:01:43 GMT">
  <testcase classname="example.Maventest" name="@BeforeTest beforeTest" time="0.0">
    <failure type="org.openqa.selenium.WebDriverException" message="Failed to connect to binary FirefoxBinary(C:\Program Files\Mozilla Firefox\firefox.exe) on port 7055; process output follows: 
 see http://www.mozilla.com/en-US/blocklist/
LdrLoadDll: Blocking load of &amp;apos;rlls64.dll&amp;apos; -- see http://www.mozilla.com/en-US/blocklist/
LdrLoadDll: Blocking load of &amp;apos;rlls64.dll&amp;apos; -- see http://www.mozilla.com/en-US/blocklist/
LdrLoadDll: Blocking load of &amp;apos;rlls64.dll&amp;apos; -- see http://www.mozilla.com/en-US/blocklist/
LdrLoadDll: Blocking load of &amp;apos;rlls64.dll&amp;apos; -- see http://www.mozilla.com/en-US/blocklist/
LdrLoadDll: Blocking load of &amp;apos;rlls64.dll&amp;apos; -- see http://www.mozilla.com/en-US/blocklist/
LdrLoadDll: Blocking load of &amp;apos;rlls64.dll&amp;apos; -- see http://www.mozilla.com/en-US/blocklist/
LdrLoadDll: Blocking load of &amp;apos;rlls64.dll&amp;apos; -- see http://www.mozilla.com/en-US/blocklist/
LdrLoadDll: Blocking load of &amp;apos;rlls64.dll&amp;apos; -- see http://www.mozilla.com/en-US/blocklist/
LdrLoadDll: Blocking load of &amp;apos;rlls64.dll&amp;apos; -- see http://www.mozilla.com/en-US/blocklist/
LdrLoadDll: Blocking load of &amp;apos;rlls64.dll&amp;apos; -- see http://www.mozilla.com/en-US/blocklist/
LdrLoadDll: Blocking load of &amp;apos;rlls64.dll&amp;apos; -- see http://www.mozilla.com/en-US/blocklist/
LdrLoadDll: Blocking load of &amp;apos;rlls64.dll&amp;apos; -- see http://www.mozilla.com/en-US/blocklist/
LdrLoadDll: Blocking load of &amp;apos;rlls64.dll&amp;apos; -- see http://www.mozilla.com/en-US/blocklist/
LdrLoadDll: Blocking load of &amp;apos;rlls64.dll&amp;apos; -- see http://www.mozilla.com/en-US/blocklist/
LdrLoadDll: Blocking load of &amp;apos;rlls64.dll&amp;apos; -- see http://www.mozilla.com/en-US/blocklist/
LdrLoadDll: Blocking load of &amp;apos;rlls64.dll&amp;apos; -- see http://www.mozilla.com/en-US/blocklist/
LdrLoadDll: Blocking load of &amp;apos;rlls64.dll&amp;apos; -- see http://www.mozilla.com/en-US/blocklist/
LdrLoadDll: Blocking load of &amp;apos;rlls64.dll&amp;apos; -- see http://www.mozilla.com/en-US/blocklist/
LdrLoadDll: Blocking load of &amp;apos;rlls64.dll&amp;apos; -- see http://www.mozilla.com/en-US/blocklist/
LdrLoadDll: Blocking load of &amp;apos;rlls64.dll&amp;apos; -- see http://www.mozilla.com/en-US/blocklist/
LdrLoadDll: Blocking load of &amp;apos;rlls64.dll&amp;apos; -- see http://www.mozilla.com/en-US/blocklist/
LdrLoadDll: Blocking load of &amp;apos;rlls64.dll&amp;apos; -- see http://www.mozilla.com/en-US/blocklist/
LdrLoadDll: Blocking load of &amp;apos;rlls64.dll&amp;apos; -- see http://www.mozilla.com/en-US/blocklist/
LdrLoadDll: Blocking load of &amp;apos;rlls64.dll&amp;apos; -- see http://www.mozilla.com/en-US/blocklist/
LdrLoadDll: Blocking load of &amp;apos;rlls64.dll&amp;apos; -- see http://www.mozilla.com/en-US/blocklist/
LdrLoadDll: Blocking load of &amp;apos;rlls64.dll&amp;apos; -- see http://www.mozilla.com/en-US/blocklist/
LdrLoadDll: Blocking load of &amp;apos;rlls64.dll&amp;apos; -- see http://www.mozilla.com/en-US/blocklist/
LdrLoadDll: Blocking load of &amp;apos;rlls64.dll&amp;apos; -- see http://www.mozilla.com/en-US/blocklist/
LdrLoadDll: Blocking load of &amp;apos;rlls64.dll&amp;apos; -- see http://www.mozilla.com/en-US/blocklist/
LdrLoadDll: Blocking load of &amp;apos;rlls64.dll&amp;apos; -- see http://www.mozilla.com/en-US/blocklist/
LdrLoadDll: Blocking load of &amp;apos;rlls64.dll&amp;apos; -- see http://www.mozilla.com/en-US/blocklist/
LdrLoadDll: Blocking load of &amp;apos;rlls64.dll&amp;apos; -- see http://www.mozilla.com/en-US/blocklist/
LdrLoadDll: Blocking load of &amp;apos;rlls64.dll&amp;apos; -- see http://www.mozilla.com/en-US/blocklist/
LdrLoadDll: Blocking load of &amp;apos;rlls64.dll&amp;apos; -- see http://www.mozilla.com/en-US/blocklist/
LdrLoadDll: Blocking load of &amp;apos;rlls64.dll&amp;apos; -- see http://www.mozilla.com/en-US/blocklist/
LdrLoadDll: Blocking load of &amp;apos;rlls64.dll&amp;apos; -- see http://www.mozilla.com/en-US/blocklist/
LdrLoadDll: Blocking load of &amp;apos;rlls64.dll&amp;apos; -- see http://www.mozilla.com/en-US/blocklist/
LdrLoadDll: Blocking load of &amp;apos;rlls64.dll&amp;apos; -- see http://www.mozilla.com/en-US/blocklist/
LdrLoadDll: Blocking load of &amp;apos;rlls64.dll&amp;apos; -- see http://www.mozilla.com/en-US/blocklist/
LdrLoadDll: Blocking load of &amp;apos;rlls64.dll&amp;apos; -- see http://www.mozilla.com/en-US/blocklist/
LdrLoadDll: Blocking load of &amp;apos;rlls64.dll&amp;apos; -- see http://www.mozilla.com/en-US/blocklist/
LdrLoadDll: Blocking load of &amp;apos;rlls64.dll&amp;apos; -- see http://www.mozilla.com/en-US/blocklist/
LdrLoadDll: Blocking load of &amp;apos;rlls64.dll&amp;apos; -- see http://www.mozilla.com/en-US/blocklist/
LdrLoadDll: Blocking load of &amp;apos;rlls64.dll&amp;apos; -- see http://www.mozilla.com/en-US/blocklist/
LdrLoadDll: Blocking load of &amp;apos;rlls64.dll&amp;apos; -- see http://www.mozilla.com/en-US/blocklist/

Build info: version: &amp;apos;2.53.0&amp;apos;, revision: &amp;apos;35ae25b1534ae328c771e0856c93e187490ca824&amp;apos;, time: &amp;apos;2016-03-15 10:43:46&amp;apos;
System info: host: &amp;apos;DESKTOP-QHBCNHS&amp;apos;, ip: &amp;apos;10.1.10.143&amp;apos;, os.name: &amp;apos;Windows 10&amp;apos;, os.arch: &amp;apos;amd64&amp;apos;, os.version: &amp;apos;10.0&amp;apos;, java.version: &amp;apos;9.0.4&amp;apos;
Driver info: driver.version: FirefoxDriver">
      <![CDATA[org.openqa.selenium.WebDriverException: Failed to connect to binary FirefoxBinary(C:\Program Files\Mozilla Firefox\firefox.exe) on port 7055; process output follows: 
 see http://www.mozilla.com/en-US/blocklist/
LdrLoadDll: Blocking load of 'rlls64.dll' -- see http://www.mozilla.com/en-US/blocklist/
LdrLoadDll: Blocking load of 'rlls64.dll' -- see http://www.mozilla.com/en-US/blocklist/
LdrLoadDll: Blocking load of 'rlls64.dll' -- see http://www.mozilla.com/en-US/blocklist/
LdrLoadDll: Blocking load of 'rlls64.dll' -- see http://www.mozilla.com/en-US/blocklist/
LdrLoadDll: Blocking load of 'rlls64.dll' -- see http://www.mozilla.com/en-US/blocklist/
LdrLoadDll: Blocking load of 'rlls64.dll' -- see http://www.mozilla.com/en-US/blocklist/
LdrLoadDll: Blocking load of 'rlls64.dll' -- see http://www.mozilla.com/en-US/blocklist/
LdrLoadDll: Blocking load of 'rlls64.dll' -- see http://www.mozilla.com/en-US/blocklist/
LdrLoadDll: Blocking load of 'rlls64.dll' -- see http://www.mozilla.com/en-US/blocklist/
LdrLoadDll: Blocking load of 'rlls64.dll' -- see http://www.mozilla.com/en-US/blocklist/
LdrLoadDll: Blocking load of 'rlls64.dll' -- see http://www.mozilla.com/en-US/blocklist/
LdrLoadDll: Blocking load of 'rlls64.dll' -- see http://www.mozilla.com/en-US/blocklist/
LdrLoadDll: Blocking load of 'rlls64.dll' -- see http://www.mozilla.com/en-US/blocklist/
LdrLoadDll: Blocking load of 'rlls64.dll' -- see http://www.mozilla.com/en-US/blocklist/
LdrLoadDll: Blocking load of 'rlls64.dll' -- see http://www.mozilla.com/en-US/blocklist/
LdrLoadDll: Blocking load of 'rlls64.dll' -- see http://www.mozilla.com/en-US/blocklist/
LdrLoadDll: Blocking load of 'rlls64.dll' -- see http://www.mozilla.com/en-US/blocklist/
LdrLoadDll: Blocking load of 'rlls64.dll' -- see http://www.mozilla.com/en-US/blocklist/
LdrLoadDll: Blocking load of 'rlls64.dll' -- see http://www.mozilla.com/en-US/blocklist/
LdrLoadDll: Blocking load of 'rlls64.dll' -- see http://www.mozilla.com/en-US/blocklist/
LdrLoadDll: Blocking load of 'rlls64.dll' -- see http://www.mozilla.com/en-US/blocklist/
LdrLoadDll: Blocking load of 'rlls64.dll' -- see http://www.mozilla.com/en-US/blocklist/
LdrLoadDll: Blocking load of 'rlls64.dll' -- see http://www.mozilla.com/en-US/blocklist/
LdrLoadDll: Blocking load of 'rlls64.dll' -- see http://www.mozilla.com/en-US/blocklist/
LdrLoadDll: Blocking load of 'rlls64.dll' -- see http://www.mozilla.com/en-US/blocklist/
LdrLoadDll: Blocking load of 'rlls64.dll' -- see http://www.mozilla.com/en-US/blocklist/
LdrLoadDll: Blocking load of 'rlls64.dll' -- see http://www.mozilla.com/en-US/blocklist/
LdrLoadDll: Blocking load of 'rlls64.dll' -- see http://www.mozilla.com/en-US/blocklist/
LdrLoadDll: Blocking load of 'rlls64.dll' -- see http://www.mozilla.com/en-US/blocklist/
LdrLoadDll: Blocking load of 'rlls64.dll' -- see http://www.mozilla.com/en-US/blocklist/
LdrLoadDll: Blocking load of 'rlls64.dll' -- see http://www.mozilla.com/en-US/blocklist/
LdrLoadDll: Blocking load of 'rlls64.dll' -- see http://www.mozilla.com/en-US/blocklist/
LdrLoadDll: Blocking load of 'rlls64.dll' -- see http://www.mozilla.com/en-US/blocklist/
LdrLoadDll: Blocking load of 'rlls64.dll' -- see http://www.mozilla.com/en-US/blocklist/
LdrLoadDll: Blocking load of 'rlls64.dll' -- see http://www.mozilla.com/en-US/blocklist/
LdrLoadDll: Blocking load of 'rlls64.dll' -- see http://www.mozilla.com/en-US/blocklist/
LdrLoadDll: Blocking load of 'rlls64.dll' -- see http://www.mozilla.com/en-US/blocklist/
LdrLoadDll: Blocking load of 'rlls64.dll' -- see http://www.mozilla.com/en-US/blocklist/
LdrLoadDll: Blocking load of 'rlls64.dll' -- see http://www.mozilla.com/en-US/blocklist/
LdrLoadDll: Blocking load of 'rlls64.dll' -- see http://www.mozilla.com/en-US/blocklist/
LdrLoadDll: Blocking load of 'rlls64.dll' -- see http://www.mozilla.com/en-US/blocklist/
LdrLoadDll: Blocking load of 'rlls64.dll' -- see http://www.mozilla.com/en-US/blocklist/
LdrLoadDll: Blocking load of 'rlls64.dll' -- see http://www.mozilla.com/en-US/blocklist/
LdrLoadDll: Blocking load of 'rlls64.dll' -- see http://www.mozilla.com/en-US/blocklist/
LdrLoadDll: Blocking load of 'rlls64.dll' -- see http://www.mozilla.com/en-US/blocklist/

Build info: version: '2.53.0', revision: '35ae25b1534ae328c771e0856c93e187490ca824', time: '2016-03-15 10:43:46'
System info: host: 'DESKTOP-QHBCNHS', ip: '10.1.10.143', os.name: 'Windows 10', os.arch: 'amd64', os.version: '10.0', java.version: '9.0.4'
Driver info: driver.version: FirefoxDriver
	at org.openqa.selenium.firefox.internal.NewProfileExtensionConnection.start(NewProfileExtensionConnection.java:125)
	at org.openqa.selenium.firefox.FirefoxDriver.startClient(FirefoxDriver.java:271)
	at org.openqa.selenium.remote.RemoteWebDriver.<init>(RemoteWebDriver.java:119)
	at org.openqa.selenium.firefox.FirefoxDriver.<init>(FirefoxDriver.java:216)
	at org.openqa.selenium.firefox.FirefoxDriver.<init>(FirefoxDriver.java:211)
	at org.openqa.selenium.firefox.FirefoxDriver.<init>(FirefoxDriver.java:207)
	at org.openqa.selenium.firefox.FirefoxDriver.<init>(FirefoxDriver.java:120)
	at example.Maventest.beforeTest(Maventest.java:30)
Caused by: org.openqa.selenium.firefox.NotConnectedException: Unable to connect to host 127.0.0.1 on port 7055 after 45000 ms. Firefox console output:
 see http://www.mozilla.com/en-US/blocklist/
LdrLoadDll: Blocking load of 'rlls64.dll' -- see http://www.mozilla.com/en-US/blocklist/
LdrLoadDll: Blocking load of 'rlls64.dll' -- see http://www.mozilla.com/en-US/blocklist/
LdrLoadDll: Blocking load of 'rlls64.dll' -- see http://www.mozilla.com/en-US/blocklist/
LdrLoadDll: Blocking load of 'rlls64.dll' -- see http://www.mozilla.com/en-US/blocklist/
LdrLoadDll: Blocking load of 'rlls64.dll' -- see http://www.mozilla.com/en-US/blocklist/
LdrLoadDll: Blocking load of 'rlls64.dll' -- see http://www.mozilla.com/en-US/blocklist/
LdrLoadDll: Blocking load of 'rlls64.dll' -- see http://www.mozilla.com/en-US/blocklist/
LdrLoadDll: Blocking load of 'rlls64.dll' -- see http://www.mozilla.com/en-US/blocklist/
LdrLoadDll: Blocking load of 'rlls64.dll' -- see http://www.mozilla.com/en-US/blocklist/
LdrLoadDll: Blocking load of 'rlls64.dll' -- see http://www.mozilla.com/en-US/blocklist/
LdrLoadDll: Blocking load of 'rlls64.dll' -- see http://www.mozilla.com/en-US/blocklist/
LdrLoadDll: Blocking load of 'rlls64.dll' -- see http://www.mozilla.com/en-US/blocklist/
LdrLoadDll: Blocking load of 'rlls64.dll' -- see http://www.mozilla.com/en-US/blocklist/
LdrLoadDll: Blocking load of 'rlls64.dll' -- see http://www.mozilla.com/en-US/blocklist/
LdrLoadDll: Blocking load of 'rlls64.dll' -- see http://www.mozilla.com/en-US/blocklist/
LdrLoadDll: Blocking load of 'rlls64.dll' -- see http://www.mozilla.com/en-US/blocklist/
LdrLoadDll: Blocking load of 'rlls64.dll' -- see http://www.mozilla.com/en-US/blocklist/
LdrLoadDll: Blocking load of 'rlls64.dll' -- see http://www.mozilla.com/en-US/blocklist/
LdrLoadDll: Blocking load of 'rlls64.dll' -- see http://www.mozilla.com/en-US/blocklist/
LdrLoadDll: Blocking load of 'rlls64.dll' -- see http://www.mozilla.com/en-US/blocklist/
LdrLoadDll: Blocking load of 'rlls64.dll' -- see http://www.mozilla.com/en-US/blocklist/
LdrLoadDll: Blocking load of 'rlls64.dll' -- see http://www.mozilla.com/en-US/blocklist/
LdrLoadDll: Blocking load of 'rlls64.dll' -- see http://www.mozilla.com/en-US/blocklist/
LdrLoadDll: Blocking load of 'rlls64.dll' -- see http://www.mozilla.com/en-US/blocklist/
LdrLoadDll: Blocking load of 'rlls64.dll' -- see http://www.mozilla.com/en-US/blocklist/
LdrLoadDll: Blocking load of 'rlls64.dll' -- see http://www.mozilla.com/en-US/blocklist/
LdrLoadDll: Blocking load of 'rlls64.dll' -- see http://www.mozilla.com/en-US/blocklist/
LdrLoadDll: Blocking load of 'rlls64.dll' -- see http://www.mozilla.com/en-US/blocklist/
LdrLoadDll: Blocking load of 'rlls64.dll' -- see http://www.mozilla.com/en-US/blocklist/
LdrLoadDll: Blocking load of 'rlls64.dll' -- see http://www.mozilla.com/en-US/blocklist/
LdrLoadDll: Blocking load of 'rlls64.dll' -- see http://www.mozilla.com/en-US/blocklist/
LdrLoadDll: Blocking load of 'rlls64.dll' -- see http://www.mozilla.com/en-US/blocklist/
LdrLoadDll: Blocking load of 'rlls64.dll' -- see http://www.mozilla.com/en-US/blocklist/
LdrLoadDll: Blocking load of 'rlls64.dll' -- see http://www.mozilla.com/en-US/blocklist/
LdrLoadDll: Blocking load of 'rlls64.dll' -- see http://www.mozilla.com/en-US/blocklist/
LdrLoadDll: Blocking load of 'rlls64.dll' -- see http://www.mozilla.com/en-US/blocklist/
LdrLoadDll: Blocking load of 'rlls64.dll' -- see http://www.mozilla.com/en-US/blocklist/
LdrLoadDll: Blocking load of 'rlls64.dll' -- see http://www.mozilla.com/en-US/blocklist/
LdrLoadDll: Blocking load of 'rlls64.dll' -- see http://www.mozilla.com/en-US/blocklist/
LdrLoadDll: Blocking load of 'rlls64.dll' -- see http://www.mozilla.com/en-US/blocklist/
LdrLoadDll: Blocking load of 'rlls64.dll' -- see http://www.mozilla.com/en-US/blocklist/
LdrLoadDll: Blocking load of 'rlls64.dll' -- see http://www.mozilla.com/en-US/blocklist/
LdrLoadDll: Blocking load of 'rlls64.dll' -- see http://www.mozilla.com/en-US/blocklist/
LdrLoadDll: Blocking load of 'rlls64.dll' -- see http://www.mozilla.com/en-US/blocklist/
LdrLoadDll: Blocking load of 'rlls64.dll' -- see http://www.mozilla.com/en-US/blocklist/

	at org.openqa.selenium.firefox.internal.NewProfileExtensionConnection.start(NewProfileExtensionConnection.java:113)
	... 29 more
... Removed 22 stack frames]]>
    </failure>
  </testcase> <!-- @BeforeTest beforeTest -->
  <testcase classname="example.Maventest" name="@AfterTest afterTest" time="0.0">
    <skipped/>
  </testcase> <!-- @AfterTest afterTest -->
  <testcase classname="aNewMaven.MavenTest1" name="fbtest" time="0.0">
    <skipped/>
  </testcase> <!-- fbtest -->
  <testcase classname="example.Maventest" name="testEasy" time="0.0">
    <skipped/>
  </testcase> <!-- testEasy -->
</testsuite> <!-- Test -->
